This is pdfTeX, Version 3.14159265-2.6-1.40.20 (TeX Live 2019/W32TeX) (preloaded format=pdflatex 2019.7.10)  26 JUN 2020 09:12
entering extended mode
 restricted \write18 enabled.
 %&-line parsing enabled.
**Hauer_CV.tex
(./Hauer_CV.tex
LaTeX2e <2018-12-01>
(c:/Users/Matt/AppData/Roaming/TinyTeX/texmf-dist/tex/latex/base/article.cls
Document Class: article 2018/09/03 v1.4i Standard LaTeX document class
(c:/Users/Matt/AppData/Roaming/TinyTeX/texmf-dist/tex/latex/base/size11.clo
File: size11.clo 2018/09/03 v1.4i Standard LaTeX file (size option)
)
\c@part=\count80
\c@section=\count81
\c@subsection=\count82
\c@subsubsection=\count83
\c@paragraph=\count84
\c@subparagraph=\count85
\c@figure=\count86
\c@table=\count87
\abovecaptionskip=\skip41
\belowcaptionskip=\skip42
\bibindent=\dimen102
)
(./CV.sty
(c:/Users/Matt/AppData/Roaming/TinyTeX/texmf-dist/tex/latex/paralist/paralist.s
ty
Package: paralist 2017/01/22 v2.7 Extended list environments
\pltopsep=\skip43
\plpartopsep=\skip44
\plitemsep=\skip45
\plparsep=\skip46
\pl@lab=\toks14
) (c:/Users/Matt/AppData/Roaming/TinyTeX/texmf-dist/tex/latex/ms/ragged2e.sty
Package: ragged2e 2009/05/21 v2.1 ragged2e Package (MS)
(c:/Users/Matt/AppData/Roaming/TinyTeX/texmf-dist/tex/latex/ms/everysel.sty
Package: everysel 2011/10/28 v1.2 EverySelectfont Package (MS)
)
\CenteringLeftskip=\skip47
\RaggedLeftLeftskip=\skip48
\RaggedRightLeftskip=\skip49
\CenteringRightskip=\skip50
\RaggedLeftRightskip=\skip51
\RaggedRightRightskip=\skip52
\CenteringParfillskip=\skip53
\RaggedLeftParfillskip=\skip54
\RaggedRightParfillskip=\skip55
\JustifyingParfillskip=\skip56
\CenteringParindent=\skip57
\RaggedLeftParindent=\skip58
\RaggedRightParindent=\skip59
\JustifyingParindent=\skip60
)
(c:/Users/Matt/AppData/Roaming/TinyTeX/texmf-dist/tex/latex/datetime/datetime.s
ty
Package: datetime 2015/03/20 v2.60 Date Time Package

(c:/Users/Matt/AppData/Roaming/TinyTeX/texmf-dist/tex/latex/etoolbox/etoolbox.s
ty
Package: etoolbox 2018/08/19 v2.5f e-TeX tools for LaTeX (JAW)
\etb@tempcnta=\count88
)
(c:/Users/Matt/AppData/Roaming/TinyTeX/texmf-dist/tex/latex/fmtcount/fmtcount.s
ty
Package: fmtcount 2017/12/24 v3.05
 (c:/Users/Matt/AppData/Roaming/TinyTeX/texmf-dist/tex/latex/base/ifthen.sty
Package: ifthen 2014/09/29 v1.1c Standard LaTeX ifthen package (DPC)
)
(c:/Users/Matt/AppData/Roaming/TinyTeX/texmf-dist/tex/latex/xkeyval/xkeyval.sty
Package: xkeyval 2014/12/03 v2.7a package option processing (HA)

(c:/Users/Matt/AppData/Roaming/TinyTeX/texmf-dist/tex/generic/xkeyval/xkeyval.t
ex
(c:/Users/Matt/AppData/Roaming/TinyTeX/texmf-dist/tex/generic/xkeyval/xkvutils.
tex
\XKV@toks=\toks15
\XKV@tempa@toks=\toks16

(c:/Users/Matt/AppData/Roaming/TinyTeX/texmf-dist/tex/generic/xkeyval/keyval.te
x))
\XKV@depth=\count89
File: xkeyval.tex 2014/12/03 v2.7a key=value parser (HA)
))
(c:/Users/Matt/AppData/Roaming/TinyTeX/texmf-dist/tex/latex/fmtcount/fcprefix.s
ty
Package: fcprefix 2012/09/28

(c:/Users/Matt/AppData/Roaming/TinyTeX/texmf-dist/tex/latex/fmtcount/fcnumparse
r.sty
Package: fcnumparser 2017/06/15
\fc@digit@counter=\count90
))
(c:/Users/Matt/AppData/Roaming/TinyTeX/texmf-dist/tex/latex/amsmath/amsgen.sty
File: amsgen.sty 1999/11/30 v2.0 generic functions
\@emptytoks=\toks17
\ex@=\dimen103
)
\c@padzeroesN=\count91
\fc@tmpcatcode=\count92
\@DT@modctr=\count93
\@ordinalctr=\count94
\@orgargctr=\count95
\@strctr=\count96
\@tmpstrctr=\count97
\@DT@loopN=\count98
\@DT@X=\count99
)
(c:/Users/Matt/AppData/Roaming/TinyTeX/texmf-dist/tex/latex/datetime/datetime-d
efaults.sty
Package: datetime-defaults 2013/09/10
)
\@day=\count100
\@month=\count101
\@year=\count102
\c@HOUR=\count103
\c@HOURXII=\count104
\c@MINUTE=\count105
\c@TOHOUR=\count106
\c@TOMINUTE=\count107
\c@SECOND=\count108
\currenthour=\count109
\currentminute=\count110
\currentsecond=\count111
Package datetime Info: No datetime.cfg file found, using default settings on in
put line 308.
\@dtctr=\count112
\dayofyear=\count113
\dayofweek=\count114
LaTeX Info: Redefining \today on input line 736.
\dt@a=\toks18
\dt@b=\toks19
)
(c:/Users/Matt/AppData/Roaming/TinyTeX/texmf-dist/tex/latex/hyperref/hyperref.s
ty
Package: hyperref 2018/11/30 v6.88e Hypertext links for LaTeX

(c:/Users/Matt/AppData/Roaming/TinyTeX/texmf-dist/tex/generic/oberdiek/hobsub-h
yperref.sty
Package: hobsub-hyperref 2016/05/16 v1.14 Bundle oberdiek, subset hyperref (HO)


(c:/Users/Matt/AppData/Roaming/TinyTeX/texmf-dist/tex/generic/oberdiek/hobsub-g
eneric.sty
Package: hobsub-generic 2016/05/16 v1.14 Bundle oberdiek, subset generic (HO)
Package: hobsub 2016/05/16 v1.14 Construct package bundles (HO)
Package: infwarerr 2016/05/16 v1.4 Providing info/warning/error messages (HO)
Package: ltxcmds 2016/05/16 v1.23 LaTeX kernel commands for general use (HO)
Package: ifluatex 2016/05/16 v1.4 Provides the ifluatex switch (HO)
Package ifluatex Info: LuaTeX not detected.
Package: ifvtex 2016/05/16 v1.6 Detect VTeX and its facilities (HO)
Package ifvtex Info: VTeX not detected.
Package: intcalc 2016/05/16 v1.2 Expandable calculations with integers (HO)
Package: ifpdf 2018/09/07 v3.3 Provides the ifpdf switch
Package: etexcmds 2016/05/16 v1.6 Avoid name clashes with e-TeX commands (HO)
Package: kvsetkeys 2016/05/16 v1.17 Key value parser (HO)
Package: kvdefinekeys 2016/05/16 v1.4 Define keys (HO)
Package: pdftexcmds 2018/09/10 v0.29 Utility functions of pdfTeX for LuaTeX (HO
)
Package pdftexcmds Info: LuaTeX not detected.
Package pdftexcmds Info: \pdf@primitive is available.
Package pdftexcmds Info: \pdf@ifprimitive is available.
Package pdftexcmds Info: \pdfdraftmode found.
Package: pdfescape 2016/05/16 v1.14 Implements pdfTeX's escape features (HO)
Package: bigintcalc 2016/05/16 v1.4 Expandable calculations on big integers (HO
)
Package: bitset 2016/05/16 v1.2 Handle bit-vector datatype (HO)
Package: uniquecounter 2016/05/16 v1.3 Provide unlimited unique counter (HO)
)
Package hobsub Info: Skipping package `hobsub' (already loaded).
Package: letltxmacro 2016/05/16 v1.5 Let assignment for LaTeX macros (HO)
Package: hopatch 2016/05/16 v1.3 Wrapper for package hooks (HO)
Package: xcolor-patch 2016/05/16 xcolor patch
Package: atveryend 2016/05/16 v1.9 Hooks at the very end of document (HO)
Package: atbegshi 2016/06/09 v1.18 At begin shipout hook (HO)
Package: refcount 2016/05/16 v3.5 Data extraction from label references (HO)
Package: hycolor 2016/05/16 v1.8 Color options for hyperref/bookmark (HO)
)
(c:/Users/Matt/AppData/Roaming/TinyTeX/texmf-dist/tex/generic/ifxetex/ifxetex.s
ty
Package: ifxetex 2010/09/12 v0.6 Provides ifxetex conditional
)
(c:/Users/Matt/AppData/Roaming/TinyTeX/texmf-dist/tex/latex/oberdiek/auxhook.st
y
Package: auxhook 2016/05/16 v1.4 Hooks for auxiliary files (HO)
)
(c:/Users/Matt/AppData/Roaming/TinyTeX/texmf-dist/tex/latex/oberdiek/kvoptions.
sty
Package: kvoptions 2016/05/16 v3.12 Key value format for package options (HO)
)
\@linkdim=\dimen104
\Hy@linkcounter=\count115
\Hy@pagecounter=\count116

(c:/Users/Matt/AppData/Roaming/TinyTeX/texmf-dist/tex/latex/hyperref/pd1enc.def
File: pd1enc.def 2018/11/30 v6.88e Hyperref: PDFDocEncoding definition (HO)
Now handling font encoding PD1 ...
... no UTF-8 mapping file for font encoding PD1
)
\Hy@SavedSpaceFactor=\count117

(c:/Users/Matt/AppData/Roaming/TinyTeX/texmf-dist/tex/latex/latexconfig/hyperre
f.cfg
File: hyperref.cfg 2002/06/06 v1.2 hyperref configuration of TeXLive
)
Package hyperref Info: Hyper figures OFF on input line 4519.
Package hyperref Info: Link nesting OFF on input line 4524.
Package hyperref Info: Hyper index ON on input line 4527.
Package hyperref Info: Plain pages OFF on input line 4534.
Package hyperref Info: Backreferencing OFF on input line 4539.
Package hyperref Info: Implicit mode ON; LaTeX internals redefined.
Package hyperref Info: Bookmarks ON on input line 4772.
\c@Hy@tempcnt=\count118
 (c:/Users/Matt/AppData/Roaming/TinyTeX/texmf-dist/tex/latex/url/url.sty
\Urlmuskip=\muskip10
Package: url 2013/09/16  ver 3.4  Verb mode for urls, etc.
)
LaTeX Info: Redefining \url on input line 5125.
\XeTeXLinkMargin=\dimen105
\Fld@menulength=\count119
\Field@Width=\dimen106
\Fld@charsize=\dimen107
Package hyperref Info: Hyper figures OFF on input line 6380.
Package hyperref Info: Link nesting OFF on input line 6385.
Package hyperref Info: Hyper index ON on input line 6388.
Package hyperref Info: backreferencing OFF on input line 6395.
Package hyperref Info: Link coloring OFF on input line 6400.
Package hyperref Info: Link coloring with OCG OFF on input line 6405.
Package hyperref Info: PDF/A mode OFF on input line 6410.
LaTeX Info: Redefining \ref on input line 6450.
LaTeX Info: Redefining \pageref on input line 6454.
\Hy@abspage=\count120
\c@Item=\count121
\c@Hfootnote=\count122
)
Package hyperref Info: Driver (autodetected): hpdftex.

(c:/Users/Matt/AppData/Roaming/TinyTeX/texmf-dist/tex/latex/hyperref/hpdftex.de
f
File: hpdftex.def 2018/11/30 v6.88e Hyperref driver for pdfTeX
\Fld@listcount=\count123
\c@bookmark@seq@number=\count124

(c:/Users/Matt/AppData/Roaming/TinyTeX/texmf-dist/tex/latex/oberdiek/rerunfilec
heck.sty
Package: rerunfilecheck 2016/05/16 v1.8 Rerun checks for auxiliary files (HO)
Package uniquecounter Info: New unique counter `rerunfilecheck' on input line 2
82.
)
\Hy@SectionHShift=\skip61
)
(c:/Users/Matt/AppData/Roaming/TinyTeX/texmf-dist/tex/latex/fancyhdr/fancyhdr.s
ty
Package: fancyhdr 2019/01/31 v3.10 Extensive control of page headers and footer
s
\f@nch@headwidth=\skip62
\f@nch@O@elh=\skip63
\f@nch@O@erh=\skip64
\f@nch@O@olh=\skip65
\f@nch@O@orh=\skip66
\f@nch@O@elf=\skip67
\f@nch@O@erf=\skip68
\f@nch@O@olf=\skip69
\f@nch@O@orf=\skip70
)
(c:/Users/Matt/AppData/Roaming/TinyTeX/texmf-dist/tex/latex/enumitem/enumitem.s
ty
Package: enumitem 2019/06/20 v3.9 Customized lists
\enitkv@toks@=\toks20
\labelindent=\skip71
\enit@outerparindent=\dimen108
\enit@toks=\toks21
\enit@inbox=\box27
\enit@count@id=\count125
\enitdp@description=\count126
)
(c:/Users/Matt/AppData/Roaming/TinyTeX/texmf-dist/tex/latex/graphics/color.sty
Package: color 2016/07/10 v1.1e Standard LaTeX Color (DPC)

(c:/Users/Matt/AppData/Roaming/TinyTeX/texmf-dist/tex/latex/graphics-cfg/color.
cfg
File: color.cfg 2016/01/02 v1.6 sample color configuration
)
Package color Info: Driver file: pdftex.def on input line 147.

(c:/Users/Matt/AppData/Roaming/TinyTeX/texmf-dist/tex/latex/graphics-def/pdftex
.def
File: pdftex.def 2018/01/08 v1.0l Graphics/color driver for pdftex
))
(c:/Users/Matt/AppData/Roaming/TinyTeX/texmf-dist/tex/latex/geometry/geometry.s
ty
Package: geometry 2018/04/16 v5.8 Page Geometry
\Gm@cnth=\count127
\Gm@cntv=\count128
\c@Gm@tempcnt=\count129
\Gm@bindingoffset=\dimen109
\Gm@wd@mp=\dimen110
\Gm@odd@mp=\dimen111
\Gm@even@mp=\dimen112
\Gm@layoutwidth=\dimen113
\Gm@layoutheight=\dimen114
\Gm@layouthoffset=\dimen115
\Gm@layoutvoffset=\dimen116
\Gm@dimlist=\toks22
)
(c:/Users/Matt/AppData/Roaming/TinyTeX/texmf-dist/tex/latex/titlesec/titlesec.s
ty
Package: titlesec 2016/03/21 v2.10.2 Sectioning titles
\ttl@box=\box28
\beforetitleunit=\skip72
\aftertitleunit=\skip73
\ttl@plus=\dimen117
\ttl@minus=\dimen118
\ttl@toksa=\toks23
\titlewidth=\dimen119
\titlewidthlast=\dimen120
\titlewidthfirst=\dimen121
) (c:/Users/Matt/AppData/Roaming/TinyTeX/texmf-dist/tex/latex/lm/lmodern.sty
Package: lmodern 2009/10/30 v1.6 Latin Modern Fonts
LaTeX Font Info:    Overwriting symbol font `operators' in version `normal'
(Font)                  OT1/cmr/m/n --> OT1/lmr/m/n on input line 22.
LaTeX Font Info:    Overwriting symbol font `letters' in version `normal'
(Font)                  OML/cmm/m/it --> OML/lmm/m/it on input line 23.
LaTeX Font Info:    Overwriting symbol font `symbols' in version `normal'
(Font)                  OMS/cmsy/m/n --> OMS/lmsy/m/n on input line 24.
LaTeX Font Info:    Overwriting symbol font `largesymbols' in version `normal'
(Font)                  OMX/cmex/m/n --> OMX/lmex/m/n on input line 25.
LaTeX Font Info:    Overwriting symbol font `operators' in version `bold'
(Font)                  OT1/cmr/bx/n --> OT1/lmr/bx/n on input line 26.
LaTeX Font Info:    Overwriting symbol font `letters' in version `bold'
(Font)                  OML/cmm/b/it --> OML/lmm/b/it on input line 27.
LaTeX Font Info:    Overwriting symbol font `symbols' in version `bold'
(Font)                  OMS/cmsy/b/n --> OMS/lmsy/b/n on input line 28.
LaTeX Font Info:    Overwriting symbol font `largesymbols' in version `bold'
(Font)                  OMX/cmex/m/n --> OMX/lmex/m/n on input line 29.
LaTeX Font Info:    Overwriting math alphabet `\mathbf' in version `normal'
(Font)                  OT1/cmr/bx/n --> OT1/lmr/bx/n on input line 31.
LaTeX Font Info:    Overwriting math alphabet `\mathsf' in version `normal'
(Font)                  OT1/cmss/m/n --> OT1/lmss/m/n on input line 32.
LaTeX Font Info:    Overwriting math alphabet `\mathit' in version `normal'
(Font)                  OT1/cmr/m/it --> OT1/lmr/m/it on input line 33.
LaTeX Font Info:    Overwriting math alphabet `\mathtt' in version `normal'
(Font)                  OT1/cmtt/m/n --> OT1/lmtt/m/n on input line 34.
LaTeX Font Info:    Overwriting math alphabet `\mathbf' in version `bold'
(Font)                  OT1/cmr/bx/n --> OT1/lmr/bx/n on input line 35.
LaTeX Font Info:    Overwriting math alphabet `\mathsf' in version `bold'
(Font)                  OT1/cmss/bx/n --> OT1/lmss/bx/n on input line 36.
LaTeX Font Info:    Overwriting math alphabet `\mathit' in version `bold'
(Font)                  OT1/cmr/bx/it --> OT1/lmr/bx/it on input line 37.
LaTeX Font Info:    Overwriting math alphabet `\mathtt' in version `bold'
(Font)                  OT1/cmtt/m/n --> OT1/lmtt/m/n on input line 38.
) (c:/Users/Matt/AppData/Roaming/TinyTeX/texmf-dist/tex/latex/tools/calc.sty
Package: calc 2017/05/25 v4.3 Infix arithmetic (KKT,FJ)
\calc@Acount=\count130
\calc@Bcount=\count131
\calc@Adimen=\dimen122
\calc@Bdimen=\dimen123
\calc@Askip=\skip74
\calc@Bskip=\skip75
LaTeX Info: Redefining \setlength on input line 80.
LaTeX Info: Redefining \addtolength on input line 81.
\calc@Ccount=\count132
\calc@Cskip=\skip76
)
(c:/Users/Matt/AppData/Roaming/TinyTeX/texmf-dist/tex/latex/tools/tabularx.sty
Package: tabularx 2016/02/03 v2.11b `tabularx' package (DPC)

(c:/Users/Matt/AppData/Roaming/TinyTeX/texmf-dist/tex/latex/tools/array.sty
Package: array 2018/12/30 v2.4k Tabular extension package (FMi)
\col@sep=\dimen124
\ar@mcellbox=\box29
\extrarowheight=\dimen125
\NC@list=\toks24
\extratabsurround=\skip77
\backup@length=\skip78
\ar@cellbox=\box30
)
\TX@col@width=\dimen126
\TX@old@table=\dimen127
\TX@old@col=\dimen128
\TX@target=\dimen129
\TX@delta=\dimen130
\TX@cols=\count133
\TX@ftn=\toks25
)
(c:/Users/Matt/AppData/Roaming/TinyTeX/texmf-dist/tex/latex/ltablex/ltablex.sty
Package: ltablex 2014/08/13 v1.1 Modified tabularx

(c:/Users/Matt/AppData/Roaming/TinyTeX/texmf-dist/tex/latex/tools/longtable.sty
Package: longtable 2014/10/28 v4.11 Multi-page Table package (DPC)+ FMi change
\LTleft=\skip79
\LTright=\skip80
\LTpre=\skip81
\LTpost=\skip82
\LTchunksize=\count134
\LTcapwidth=\dimen131
\LT@head=\box31
\LT@firsthead=\box32
\LT@foot=\box33
\LT@lastfoot=\box34
\LT@cols=\count135
\LT@rows=\count136
\c@LT@tables=\count137
\c@LT@chunks=\count138
\LT@p@ftn=\toks26
))
(c:/Users/Matt/AppData/Roaming/TinyTeX/texmf-dist/tex/latex/spreadtab/spreadtab
.sty
Package: spreadtab 2019/02/27 v0.5 Spreadsheet features for table environments 
(CT)

(c:/Users/Matt/AppData/Roaming/TinyTeX/texmf-dist/tex/generic/xstring/xstring.s
ty
(c:/Users/Matt/AppData/Roaming/TinyTeX/texmf-dist/tex/generic/xstring/xstring.t
ex
\integerpart=\count139
\decimalpart=\count140
)
Package: xstring 2019/02/06 v1.83 String manipulations (CT)
) (c:/Users/Matt/AppData/Roaming/TinyTeX/texmf-dist/tex/latex/fp/fp.sty
Package: fp 1995/04/02

`Fixed Point Package', Version 0.8, April 2, 1995 (C) Michael Mehlich
(c:/Users/Matt/AppData/Roaming/TinyTeX/texmf-dist/tex/latex/fp/defpattern.sty
Package: defpattern 1994/10/12
\actioncount=\count141
)
(c:/Users/Matt/AppData/Roaming/TinyTeX/texmf-dist/tex/latex/fp/fp-basic.sty
Package: fp-basic 1996/05/13
\FP@xs=\count142
\FP@xia=\count143
\FP@xib=\count144
\FP@xfa=\count145
\FP@xfb=\count146
\FP@rega=\count147
\FP@regb=\count148
\FP@regs=\count149
\FP@times=\count150
)
(c:/Users/Matt/AppData/Roaming/TinyTeX/texmf-dist/tex/latex/fp/fp-addons.sty
Package: fp-addons 1995/03/15
)
(c:/Users/Matt/AppData/Roaming/TinyTeX/texmf-dist/tex/latex/fp/fp-snap.sty
Package: fp-snap 1995/04/05
)
(c:/Users/Matt/AppData/Roaming/TinyTeX/texmf-dist/tex/latex/fp/fp-exp.sty
Package: fp-exp 1995/04/03
)
(c:/Users/Matt/AppData/Roaming/TinyTeX/texmf-dist/tex/latex/fp/fp-trigo.sty
Package: fp-trigo 1995/04/14
)
(c:/Users/Matt/AppData/Roaming/TinyTeX/texmf-dist/tex/latex/fp/fp-pas.sty
Package: fp-pas 1994/08/29
)
(c:/Users/Matt/AppData/Roaming/TinyTeX/texmf-dist/tex/latex/fp/fp-random.sty
Package: fp-random 1995/02/23
\FPseed=\count151
)
(c:/Users/Matt/AppData/Roaming/TinyTeX/texmf-dist/tex/latex/fp/fp-eqn.sty
Package: fp-eqn 1995/04/03
)
(c:/Users/Matt/AppData/Roaming/TinyTeX/texmf-dist/tex/latex/fp/fp-upn.sty
Package: fp-upn 1996/10/21
)
(c:/Users/Matt/AppData/Roaming/TinyTeX/texmf-dist/tex/latex/fp/fp-eval.sty
Package: fp-eval 1995/04/03
))
spreadtab message: FP calc engine now active
\ST@count=\count152
\ST@colcount=\count153
\ST@colcount@i=\count154
\ST@rowcount=\count155
\ST@rowcount@i=\count156
\ST@intpart=\count157
)
(c:/Users/Matt/AppData/Roaming/TinyTeX/texmf-dist/tex/latex/numprint/numprint.s
ty
Package: numprint 2012/08/20 v1.39 Print numbers (HH)
\c@nprt@mantissa@digitsbefore=\count158
\c@nprt@mantissa@digitsafter=\count159
\c@nprt@exponent@digitsbefore=\count160
\c@nprt@exponent@digitsafter=\count161
\nprt@digitwidth=\skip83
\nprt@sepwidth=\skip84
\nprt@decimalwidth=\skip85
\nprt@blockwidth=\skip86
\nprt@digittoks=\toks27
\nprt@pretoks=\toks28
\nprt@posttoks=\toks29
\nprt@thisdigit=\count162
\nprt@curpos=\count163
\nprt@rndpos=\count164
\c@nprt@digitsfirstblock=\count165
\c@nprt@blockcnt=\count166
\c@nprt@cntprint=\count167
 No configuration file `numprint.cfg' found.)
(c:/Users/Matt/AppData/Roaming/TinyTeX/texmf-dist/tex/latex/import/import.sty
Package: import 2009/03/23  v 5.1
)
(c:/Users/Matt/AppData/Roaming/TinyTeX/texmf-dist/tex/latex/subfiles/subfiles.s
ty
Package: subfiles 2018/07/31 Federico Garcia, Gernot Salzer

(c:/Users/Matt/AppData/Roaming/TinyTeX/texmf-dist/tex/latex/tools/verbatim.sty
Package: verbatim 2014/10/28 v1.5q LaTeX2e package for verbatim enhancements
\every@verbatim=\toks30
\verbatim@line=\toks31
\verbatim@in@stream=\read1
))
(c:/Users/Matt/AppData/Roaming/TinyTeX/texmf-dist/tex/latex/tools/enumerate.sty
Package: enumerate 2015/07/23 v3.00 enumerate extensions (DPC)
\@enLab=\toks32
)
(c:/Users/Matt/AppData/Roaming/TinyTeX/texmf-dist/tex/latex/etaremune/etaremune
.sty
Package: etaremune 2005/06/01 v1.2 Reversed enumerate (HA)
\c@EM@itemctr=\count168
\c@EM@etaremunectr=\count169
)
(c:/Users/Matt/AppData/Roaming/TinyTeX/texmf-dist/tex/latex/biblatex/biblatex.s
ty
Package: biblatex 2018/11/02 v3.12 programmable bibliographies (PK/MW)

(c:/Users/Matt/AppData/Roaming/TinyTeX/texmf-dist/tex/latex/logreq/logreq.sty
Package: logreq 2010/08/04 v1.0 xml request logger
\lrq@indent=\count170

(c:/Users/Matt/AppData/Roaming/TinyTeX/texmf-dist/tex/latex/logreq/logreq.def
File: logreq.def 2010/08/04 v1.0 logreq spec v1.0
))
\c@tabx@nest=\count171
\c@listtotal=\count172
\c@listcount=\count173
\c@liststart=\count174
\c@liststop=\count175
\c@citecount=\count176
\c@citetotal=\count177
\c@multicitecount=\count178
\c@multicitetotal=\count179
\c@instcount=\count180
\c@maxnames=\count181
\c@minnames=\count182
\c@maxitems=\count183
\c@minitems=\count184
\c@citecounter=\count185
\c@maxcitecounter=\count186
\c@savedcitecounter=\count187
\c@uniquelist=\count188
\c@uniquename=\count189
\c@refsection=\count190
\c@refsegment=\count191
\c@maxextratitle=\count192
\c@maxextratitleyear=\count193
\c@maxextraname=\count194
\c@maxextradate=\count195
\c@maxextraalpha=\count196
\c@abbrvpenalty=\count197
\c@highnamepenalty=\count198
\c@lownamepenalty=\count199
\c@maxparens=\count266
\c@parenlevel=\count267
\blx@tempcnta=\count268
\blx@tempcntb=\count269
\blx@tempcntc=\count270
\blx@maxsection=\count271
\blx@maxsegment@0=\count272
\blx@notetype=\count273
\blx@parenlevel@text=\count274
\blx@parenlevel@foot=\count275
\blx@sectionciteorder@0=\count276
\blx@entrysetcounter=\count277
\labelnumberwidth=\skip87
\labelalphawidth=\skip88
\biblabelsep=\skip89
\bibitemsep=\skip90
\bibnamesep=\skip91
\bibinitsep=\skip92
\bibparsep=\skip93
\bibhang=\skip94
\blx@bcfin=\read2
\blx@bcfout=\write3
\c@mincomprange=\count278
\c@maxcomprange=\count279
\c@mincompwidth=\count280
Package biblatex Info: Trying to load biblatex default data model...
Package biblatex Info: ... file 'blx-dm.def' found.

(c:/Users/Matt/AppData/Roaming/TinyTeX/texmf-dist/tex/latex/biblatex/blx-dm.def
File: blx-dm.def 2018/11/02 v3.12 biblatex localization (PK/MW)
)
Package biblatex Info: Trying to load biblatex bibstyle data model...
Package biblatex Info: ... file 'authoryear-comp.dbx' not found.
Package biblatex Info: Trying to load biblatex custom data model...
Package biblatex Info: ... file 'biblatex-dm.cfg' not found.
\c@afterword=\count281
\c@savedafterword=\count282
\c@annotator=\count283
\c@savedannotator=\count284
\c@author=\count285
\c@savedauthor=\count286
\c@bookauthor=\count287
\c@savedbookauthor=\count288
\c@commentator=\count289
\c@savedcommentator=\count290
\c@editor=\count291
\c@savededitor=\count292
\c@editora=\count293
\c@savededitora=\count294
\c@editorb=\count295
\c@savededitorb=\count296
\c@editorc=\count297
\c@savededitorc=\count298
\c@foreword=\count299
\c@savedforeword=\count300
\c@holder=\count301
\c@savedholder=\count302
\c@introduction=\count303
\c@savedintroduction=\count304
\c@namea=\count305
\c@savednamea=\count306
\c@nameb=\count307
\c@savednameb=\count308
\c@namec=\count309
\c@savednamec=\count310
\c@translator=\count311
\c@savedtranslator=\count312
\c@shortauthor=\count313
\c@savedshortauthor=\count314
\c@shorteditor=\count315
\c@savedshorteditor=\count316
\c@labelname=\count317
\c@savedlabelname=\count318
\c@institution=\count319
\c@savedinstitution=\count320
\c@lista=\count321
\c@savedlista=\count322
\c@listb=\count323
\c@savedlistb=\count324
\c@listc=\count325
\c@savedlistc=\count326
\c@listd=\count327
\c@savedlistd=\count328
\c@liste=\count329
\c@savedliste=\count330
\c@listf=\count331
\c@savedlistf=\count332
\c@location=\count333
\c@savedlocation=\count334
\c@organization=\count335
\c@savedorganization=\count336
\c@origlocation=\count337
\c@savedoriglocation=\count338
\c@origpublisher=\count339
\c@savedorigpublisher=\count340
\c@publisher=\count341
\c@savedpublisher=\count342
\c@language=\count343
\c@savedlanguage=\count344
\c@origlanguage=\count345
\c@savedoriglanguage=\count346
\c@pageref=\count347
\c@savedpageref=\count348
\shorthandwidth=\skip95
\shortjournalwidth=\skip96
\shortserieswidth=\skip97
\shorttitlewidth=\skip98
\shortauthorwidth=\skip99
\shorteditorwidth=\skip100
\locallabelnumberwidth=\skip101
\locallabelalphawidth=\skip102
\localshorthandwidth=\skip103
\localshortjournalwidth=\skip104
\localshortserieswidth=\skip105
\localshorttitlewidth=\skip106
\localshortauthorwidth=\skip107
\localshorteditorwidth=\skip108
Package biblatex Info: Trying to load compatibility code...
Package biblatex Info: ... file 'blx-compat.def' found.

(c:/Users/Matt/AppData/Roaming/TinyTeX/texmf-dist/tex/latex/biblatex/blx-compat
.def
File: blx-compat.def 2018/11/02 v3.12 biblatex compatibility (PK/MW)
)
Package biblatex Info: Trying to load generic definitions...
Package biblatex Info: ... file 'biblatex.def' found.

(c:/Users/Matt/AppData/Roaming/TinyTeX/texmf-dist/tex/latex/biblatex/biblatex.d
ef
File: biblatex.def 2018/11/02 v3.12 biblatex compatibility (PK/MW)
\c@textcitecount=\count349
\c@textcitetotal=\count350
\c@textcitemaxnames=\count351
\c@biburlnumpenalty=\count352
\c@biburlucpenalty=\count353
\c@biburllcpenalty=\count354
\c@smartand=\count355
)
Package biblatex Info: Trying to load bibliography style 'authoryear-comp'...
Package biblatex Info: ... file 'authoryear-comp.bbx' found.

(c:/Users/Matt/AppData/Roaming/TinyTeX/texmf-dist/tex/latex/biblatex/bbx/author
year-comp.bbx
File: authoryear-comp.bbx 2018/11/02 v3.12 biblatex bibliography style (PK/MW)
Package biblatex Info: Trying to load bibliography style 'authoryear'...
Package biblatex Info: ... file 'authoryear.bbx' found.

(c:/Users/Matt/AppData/Roaming/TinyTeX/texmf-dist/tex/latex/biblatex/bbx/author
year.bbx
File: authoryear.bbx 2018/11/02 v3.12 biblatex bibliography style (PK/MW)
Package biblatex Info: Trying to load bibliography style 'standard'...
Package biblatex Info: ... file 'standard.bbx' found.

(c:/Users/Matt/AppData/Roaming/TinyTeX/texmf-dist/tex/latex/biblatex/bbx/standa
rd.bbx
File: standard.bbx 2018/11/02 v3.12 biblatex bibliography style (PK/MW)
\c@bbx:relatedcount=\count356
\c@bbx:relatedtotal=\count357
)))
Package biblatex Info: Trying to load citation style 'numeric'...
Package biblatex Info: ... file 'numeric.cbx' found.

(c:/Users/Matt/AppData/Roaming/TinyTeX/texmf-dist/tex/latex/biblatex/cbx/numeri
c.cbx
File: numeric.cbx 2018/11/02 v3.12 biblatex citation style (PK/MW)
Package biblatex Info: Redefining '\cite'.
Package biblatex Info: Redefining '\parencite'.
Package biblatex Info: Redefining '\footcite'.
Package biblatex Info: Redefining '\footcitetext'.
Package biblatex Info: Redefining '\smartcite'.
Package biblatex Info: Redefining '\supercite'.
Package biblatex Info: Redefining '\textcite'.
Package biblatex Info: Redefining '\textcites'.
Package biblatex Info: Redefining '\cites'.
Package biblatex Info: Redefining '\parencites'.
Package biblatex Info: Redefining '\smartcites'.
)
Package biblatex Info: Trying to load configuration file...
Package biblatex Info: ... file 'biblatex.cfg' found.

(c:/Users/Matt/AppData/Roaming/TinyTeX/texmf-dist/tex/latex/biblatex/biblatex.c
fg
File: biblatex.cfg 
)

Package biblatex Warning: 'firstinits' option is deprecated.
(biblatex)                Please use 'giveninits' instead.

) (c:/Users/Matt/AppData/Roaming/TinyTeX/texmf-dist/tex/latex/xpatch/xpatch.sty
(c:/Users/Matt/AppData/Roaming/TinyTeX/texmf-dist/tex/latex/l3kernel/expl3.sty
Package: expl3 2019-07-01 L3 programming layer (loader) 

(c:/Users/Matt/AppData/Roaming/TinyTeX/texmf-dist/tex/latex/l3kernel/expl3-code
.tex
Package: expl3 2019-07-01 L3 programming layer (code)
\c_max_int=\count358
\l_tmpa_int=\count359
\l_tmpb_int=\count360
\g_tmpa_int=\count361
\g_tmpb_int=\count362
\g__kernel_prg_map_int=\count363
\c__ior_term_ior=\count364
\c_log_iow=\count365
\l_iow_line_count_int=\count366
\l__iow_line_target_int=\count367
\l__iow_one_indent_int=\count368
\l__iow_indent_int=\count369
\c_zero_dim=\dimen132
\c_max_dim=\dimen133
\l_tmpa_dim=\dimen134
\l_tmpb_dim=\dimen135
\g_tmpa_dim=\dimen136
\g_tmpb_dim=\dimen137
\c_zero_skip=\skip109
\c_max_skip=\skip110
\l_tmpa_skip=\skip111
\l_tmpb_skip=\skip112
\g_tmpa_skip=\skip113
\g_tmpb_skip=\skip114
\c_zero_muskip=\muskip11
\c_max_muskip=\muskip12
\l_tmpa_muskip=\muskip13
\l_tmpb_muskip=\muskip14
\g_tmpa_muskip=\muskip15
\g_tmpb_muskip=\muskip16
\l_keys_choice_int=\count370
\l__intarray_loop_int=\count371
\c__intarray_sp_dim=\dimen138
\g__intarray_font_int=\count372
\c__fp_leading_shift_int=\count373
\c__fp_middle_shift_int=\count374
\c__fp_trailing_shift_int=\count375
\c__fp_big_leading_shift_int=\count376
\c__fp_big_middle_shift_int=\count377
\c__fp_big_trailing_shift_int=\count378
\c__fp_Bigg_leading_shift_int=\count379
\c__fp_Bigg_middle_shift_int=\count380
\c__fp_Bigg_trailing_shift_int=\count381
\c__kernel_randint_max_int=\count382
\g__fp_array_int=\count383
\l__fp_array_loop_int=\count384
\l__sort_length_int=\count385
\l__sort_min_int=\count386
\l__sort_top_int=\count387
\l__sort_max_int=\count388
\l__sort_true_max_int=\count389
\l__sort_block_int=\count390
\l__sort_begin_int=\count391
\l__sort_end_int=\count392
\l__sort_A_int=\count393
\l__sort_B_int=\count394
\l__sort_C_int=\count395
\l__str_internal_int=\count396
\c__str_replacement_char_int=\count397
\l__tl_analysis_normal_int=\count398
\l__tl_analysis_index_int=\count399
\l__tl_analysis_nesting_int=\count400
\l__tl_analysis_type_int=\count401
\l__regex_internal_a_int=\count402
\l__regex_internal_b_int=\count403
\l__regex_internal_c_int=\count404
\l__regex_balance_int=\count405
\l__regex_group_level_int=\count406
\l__regex_mode_int=\count407
\c__regex_cs_in_class_mode_int=\count408
\c__regex_cs_mode_int=\count409
\l__regex_catcodes_int=\count410
\l__regex_default_catcodes_int=\count411
\c__regex_catcode_D_int=\count412
\c__regex_catcode_S_int=\count413
\c__regex_catcode_L_int=\count414
\c__regex_catcode_O_int=\count415
\c__regex_catcode_A_int=\count416
\c__regex_all_catcodes_int=\count417
\l__regex_show_lines_int=\count418
\l__regex_min_state_int=\count419
\l__regex_max_state_int=\count420
\l__regex_left_state_int=\count421
\l__regex_right_state_int=\count422
\l__regex_capturing_group_int=\count423
\l__regex_min_pos_int=\count424
\l__regex_max_pos_int=\count425
\l__regex_curr_pos_int=\count426
\l__regex_start_pos_int=\count427
\l__regex_success_pos_int=\count428
\l__regex_curr_char_int=\count429
\l__regex_curr_catcode_int=\count430
\l__regex_last_char_int=\count431
\l__regex_case_changed_char_int=\count432
\l__regex_curr_state_int=\count433
\l__regex_step_int=\count434
\l__regex_min_active_int=\count435
\l__regex_max_active_int=\count436
\l__regex_replacement_csnames_int=\count437
\l__regex_match_count_int=\count438
\l__regex_min_submatch_int=\count439
\l__regex_submatch_int=\count440
\l__regex_zeroth_submatch_int=\count441
\g__regex_trace_regex_int=\count442
\c_empty_box=\box35
\l_tmpa_box=\box36
\l_tmpb_box=\box37
\g_tmpa_box=\box38
\g_tmpb_box=\box39
\l__box_top_dim=\dimen139
\l__box_bottom_dim=\dimen140
\l__box_left_dim=\dimen141
\l__box_right_dim=\dimen142
\l__box_top_new_dim=\dimen143
\l__box_bottom_new_dim=\dimen144
\l__box_left_new_dim=\dimen145
\l__box_right_new_dim=\dimen146
\l__box_internal_box=\box40
\l__coffin_internal_box=\box41
\l__coffin_internal_dim=\dimen147
\l__coffin_offset_x_dim=\dimen148
\l__coffin_offset_y_dim=\dimen149
\l__coffin_x_dim=\dimen150
\l__coffin_y_dim=\dimen151
\l__coffin_x_prime_dim=\dimen152
\l__coffin_y_prime_dim=\dimen153
\c_empty_coffin=\box42
\l__coffin_aligned_coffin=\box43
\l__coffin_aligned_internal_coffin=\box44
\l_tmpa_coffin=\box45
\l_tmpb_coffin=\box46
\g_tmpa_coffin=\box47
\g_tmpb_coffin=\box48
\l__coffin_bounding_shift_dim=\dimen154
\l__coffin_left_corner_dim=\dimen155
\l__coffin_right_corner_dim=\dimen156
\l__coffin_bottom_corner_dim=\dimen157
\l__coffin_top_corner_dim=\dimen158
\l__coffin_scaled_total_height_dim=\dimen159
\l__coffin_scaled_width_dim=\dimen160
\c__coffin_empty_coffin=\box49
\l__coffin_display_coffin=\box50
\l__coffin_display_coord_coffin=\box51
\l__coffin_display_pole_coffin=\box52
\l__coffin_display_offset_dim=\dimen161
\l__coffin_display_x_dim=\dimen162
\l__coffin_display_y_dim=\dimen163
\g__file_internal_ior=\read3
\l__seq_internal_a_int=\count443
\l__seq_internal_b_int=\count444
\c__deprecation_minus_one=\count445
)
(c:/Users/Matt/AppData/Roaming/TinyTeX/texmf-dist/tex/latex/l3backend/l3backend
-pdfmode.def
File: l3backend-pdfmode.def 2019-04-06 v L3 Experimental backend support: PDF m
ode
\l__kernel_color_stack_int=\count446
\l__pdf_internal_box=\box53
))
Package: xpatch 2012/10/02 v0.3 Extending etoolbox patching commands

(c:/Users/Matt/AppData/Roaming/TinyTeX/texmf-dist/tex/latex/l3packages/xparse/x
parse.sty
Package: xparse 2019-05-28 L3 Experimental document command parser
\l__xparse_current_arg_int=\count447
\g__xparse_grabber_int=\count448
\l__xparse_m_args_int=\count449
\l__xparse_v_nesting_int=\count450
))
\c@papers=\count451
\c@sumpapers=\count452
)
\c@magicrownumbers=\count453

(c:/Users/Matt/AppData/Roaming/TinyTeX/texmf-dist/tex/latex/xcolor/xcolor.sty
Package: xcolor 2016/05/11 v2.12 LaTeX color extensions (UK)

(c:/Users/Matt/AppData/Roaming/TinyTeX/texmf-dist/tex/latex/graphics-cfg/color.
cfg
File: color.cfg 2016/01/02 v1.6 sample color configuration
)
Package xcolor Info: Driver file: pdftex.def on input line 225.
LaTeX Info: Redefining \color on input line 709.
Package xcolor Info: Model `cmy' substituted by `cmy0' on input line 1348.
Package xcolor Info: Model `hsb' substituted by `rgb' on input line 1352.
Package xcolor Info: Model `RGB' extended on input line 1364.
Package xcolor Info: Model `HTML' substituted by `rgb' on input line 1366.
Package xcolor Info: Model `Hsb' substituted by `hsb' on input line 1367.
Package xcolor Info: Model `tHsb' substituted by `hsb' on input line 1368.
Package xcolor Info: Model `HSB' substituted by `hsb' on input line 1369.
Package xcolor Info: Model `Gray' substituted by `gray' on input line 1370.
Package xcolor Info: Model `wave' substituted by `hsb' on input line 1371.
)
(c:/Users/Matt/AppData/Roaming/TinyTeX/texmf-dist/tex/latex/tools/multicol.sty
Package: multicol 2018/12/27 v1.8v multicolumn formatting (FMi)
\c@tracingmulticols=\count454
\mult@box=\box54
\multicol@leftmargin=\dimen164
\c@unbalance=\count455
\c@collectmore=\count456
\doublecol@number=\count457
\multicoltolerance=\count458
\multicolpretolerance=\count459
\full@width=\dimen165
\page@free=\dimen166
\premulticols=\dimen167
\postmulticols=\dimen168
\multicolsep=\skip115
\multicolbaselineskip=\skip116
\partial@page=\box55
\last@line=\box56
\maxbalancingoverflow=\dimen169
\mult@rightbox=\box57
\mult@grightbox=\box58
\mult@gfirstbox=\box59
\mult@firstbox=\box60
\@tempa=\box61
\@tempa=\box62
\@tempa=\box63
\@tempa=\box64
\@tempa=\box65
\@tempa=\box66
\@tempa=\box67
\@tempa=\box68
\@tempa=\box69
\@tempa=\box70
\@tempa=\box71
\@tempa=\box72
\@tempa=\box73
\@tempa=\box74
\@tempa=\box75
\@tempa=\box76
\@tempa=\box77
\c@columnbadness=\count460
\c@finalcolumnbadness=\count461
\last@try=\dimen170
\multicolovershoot=\dimen171
\multicolundershoot=\dimen172
\mult@nat@firstbox=\box78
\colbreak@box=\box79
\mc@col@check@num=\count462
)
(c:/Users/Matt/AppData/Roaming/TinyTeX/texmf-dist/tex/latex/changepage/changepa
ge.sty
Package: changepage 2009/10/20 v1.0c check page and change page layout
\c@cp@cntr=\count463
\cp@tempcnt=\count464
)
(c:/Users/Matt/AppData/Roaming/TinyTeX/texmf-dist/tex/latex/csquotes/csquotes.s
ty
Package: csquotes 2019/05/10 v5.2e context-sensitive quotations (JAW)
\csq@reset=\count465
\csq@gtype=\count466
\csq@glevel=\count467
\csq@qlevel=\count468
\csq@maxlvl=\count469
\csq@tshold=\count470
\csq@ltx@everypar=\toks33

(c:/Users/Matt/AppData/Roaming/TinyTeX/texmf-dist/tex/latex/csquotes/csquotes.d
ef
File: csquotes.def 2019/05/10 v5.2e csquotes generic definitions (JAW)
)
Package csquotes Info: Trying to load configuration file 'csquotes.cfg'...
Package csquotes Info: ... configuration file loaded successfully.

(c:/Users/Matt/AppData/Roaming/TinyTeX/texmf-dist/tex/latex/csquotes/csquotes.c
fg
File: csquotes.cfg 
)
Package csquotes Info: Enabling multilingual quotes.
Package csquotes Info: Redefining alias 'english' -> 'english/american'.
)
Package csquotes Info: Allocating character ".
Package hyperref Info: Option `colorlinks' set `true' on input line 23.

(c:/Users/Matt/AppData/Roaming/TinyTeX/texmf-dist/tex/generic/babel/babel.sty
Package: babel 2019/06/03 3.32 The Babel package

(c:/Users/Matt/AppData/Roaming/TinyTeX/texmf-dist/tex/generic/babel/switch.def
File: switch.def 2019/06/03 3.32 Babel switching mechanism
)

! Package babel Error: Unknown option `english'. Either you misspelled it
(babel)                or the language definition file english.ldf was not foun
d.

See the babel package documentation for explanation.
Type  H <return>  for immediate help.
 ...                                              
                                                  
l.538 \ProcessOptions*
                      
Valid options are: shorthands=, KeepShorthandsActive,
activeacute, activegrave, noconfigs, safe=, main=, math=
headfoot=, strings=, config=, hyphenmap=, or a language name.

Package babel Info: You haven't specified a language. I'll use 'nil'
(babel)             as the main language. Reported on input line 568.
(c:/Users/Matt/AppData/Roaming/TinyTeX/texmf-dist/tex/generic/babel/nil.ldf
Language: nil 2019/06/03 3.32 Nil language

(c:/Users/Matt/AppData/Roaming/TinyTeX/texmf-dist/tex/generic/babel/babel.def
File: babel.def 2019/06/03 3.32 Babel common definitions
\babel@savecnt=\count471
\U@D=\dimen173

(c:/Users/Matt/AppData/Roaming/TinyTeX/texmf-dist/tex/generic/babel/txtbabel.de
f)
\bbl@dirlevel=\count472
)
\l@nil=\language3
))
Package csquotes Info: Disabling multilingual quotes.
Package csquotes Info: Redefining alias 'default' -> 'english'.
Package biblatex Info: Trying to load language 'nil'...
Package biblatex Info: ... file 'nil.lbx' not found.


Package biblatex Warning: Language 'nil' not supported.
(biblatex)                Using fallback language 'english' on input line 41.

Package biblatex Info: Trying to load language 'english'...
Package biblatex Info: ... file 'english.lbx' found.

(c:/Users/Matt/AppData/Roaming/TinyTeX/texmf-dist/tex/latex/biblatex/lbx/englis
h.lbx
File: english.lbx 2018/11/02 v3.12 biblatex localization (PK/MW)
) (./Hauer_CV.aux)
\openout1 = `Hauer_CV.aux'.

LaTeX Font Info:    Checking defaults for OML/cmm/m/it on input line 41.
LaTeX Font Info:    ... okay on input line 41.
LaTeX Font Info:    Checking defaults for T1/cmr/m/n on input line 41.
LaTeX Font Info:    ... okay on input line 41.
LaTeX Font Info:    Checking defaults for OT1/cmr/m/n on input line 41.
LaTeX Font Info:    ... okay on input line 41.
LaTeX Font Info:    Checking defaults for OMS/cmsy/m/n on input line 41.
LaTeX Font Info:    ... okay on input line 41.
LaTeX Font Info:    Checking defaults for OMX/cmex/m/n on input line 41.
LaTeX Font Info:    ... okay on input line 41.
LaTeX Font Info:    Checking defaults for U/cmr/m/n on input line 41.
LaTeX Font Info:    ... okay on input line 41.
LaTeX Font Info:    Checking defaults for PD1/pdf/m/n on input line 41.
LaTeX Font Info:    ... okay on input line 41.
LaTeX Font Info:    Try loading font information for OT1+lmr on input line 41.

(c:/Users/Matt/AppData/Roaming/TinyTeX/texmf-dist/tex/latex/lm/ot1lmr.fd
File: ot1lmr.fd 2009/10/30 v1.6 Font defs for Latin Modern
)
ABD: EverySelectfont initializing macros
LaTeX Info: Redefining \selectfont on input line 41.
\AtBeginShipoutBox=\box80
Package hyperref Info: Link coloring ON on input line 41.

(c:/Users/Matt/AppData/Roaming/TinyTeX/texmf-dist/tex/latex/hyperref/nameref.st
y
Package: nameref 2016/05/21 v2.44 Cross-referencing by name of section

(c:/Users/Matt/AppData/Roaming/TinyTeX/texmf-dist/tex/generic/oberdiek/gettitle
string.sty
Package: gettitlestring 2016/05/16 v1.5 Cleanup title references (HO)
)
\c@section@level=\count473
)
LaTeX Info: Redefining \ref on input line 41.
LaTeX Info: Redefining \pageref on input line 41.
LaTeX Info: Redefining \nameref on input line 41.
 (./Hauer_CV.out) (./Hauer_CV.out)
\@outlinefile=\write4
\openout4 = `Hauer_CV.out'.


*geometry* driver: auto-detecting
*geometry* detected driver: pdftex
*geometry* verbose mode - [ preamble ] result:
* driver: pdftex
* paper: letterpaper
* layout: <same size as paper>
* layoutoffset:(h,v)=(0.0pt,0.0pt)
* hratio: 1:1
* vratio: 1:1
* modes: 
* h-part:(L,W,R)=(58.18588pt, 497.92322pt, 58.1859pt)
* v-part:(T,H,B)=(63.16512pt, 668.63976pt, 63.16512pt)
* \paperwidth=614.295pt
* \paperheight=794.96999pt
* \textwidth=497.92322pt
* \textheight=668.63976pt
* \oddsidemargin=-14.0841pt
* \evensidemargin=-14.0841pt
* \topmargin=-46.10487pt
* \headheight=15.0pt
* \headsep=25.0pt
* \topskip=11.0pt
* \footskip=30.0pt
* \marginparwidth=59.0pt
* \marginparsep=10.0pt
* \columnsep=10.0pt
* \skip\footins=10.0pt plus 4.0pt minus 2.0pt
* \hoffset=0.0pt
* \voffset=0.0pt
* \mag=1000
* \@twocolumnfalse
* \@twosidefalse
* \@mparswitchfalse
* \@reversemarginfalse
* (1in=72.27pt=25.4mm, 1cm=28.453pt)

Package biblatex Info: Input encoding 'utf8' detected.
Package biblatex Info: Automatic encoding selection.
(biblatex)             Assuming data encoding 'utf8'.
\openout3 = `Hauer_CV.bcf'.

Package biblatex Info: Trying to load bibliographic data...
Package biblatex Info: ... file 'Hauer_CV.bbl' not found.
No file Hauer_CV.bbl.
Package biblatex Info: Reference section=0 on input line 41.
Package biblatex Info: Reference segment=0 on input line 41.
Package csquotes Info: Making character " active on input line 41.
LaTeX Font Info:    Try loading font information for OML+lmm on input line 43.
(c:/Users/Matt/AppData/Roaming/TinyTeX/texmf-dist/tex/latex/lm/omllmm.fd
File: omllmm.fd 2009/10/30 v1.6 Font defs for Latin Modern
)
LaTeX Font Info:    Try loading font information for OMS+lmsy on input line 43.


(c:/Users/Matt/AppData/Roaming/TinyTeX/texmf-dist/tex/latex/lm/omslmsy.fd
File: omslmsy.fd 2009/10/30 v1.6 Font defs for Latin Modern
)
LaTeX Font Info:    Try loading font information for OMX+lmex on input line 43.


(c:/Users/Matt/AppData/Roaming/TinyTeX/texmf-dist/tex/latex/lm/omxlmex.fd
File: omxlmex.fd 2009/10/30 v1.6 Font defs for Latin Modern
)
LaTeX Font Info:    External font `lmex10' loaded for size
(Font)              <10.95> on input line 43.
LaTeX Font Info:    External font `lmex10' loaded for size
(Font)              <8> on input line 43.
LaTeX Font Info:    External font `lmex10' loaded for size
(Font)              <6> on input line 43.
LaTeX Font Info:    External font `lmex10' loaded for size
(Font)              <9> on input line 43.
LaTeX Font Info:    External font `lmex10' loaded for size
(Font)              <5> on input line 43.

Overfull \hbox (15.73082pt too wide) detected at line 43
[]  []
 []

! Misplaced \noalign.
\hline ->\noalign 
                  {\ifnum 0=`}\fi \hrule \@height \arrayrulewidth \futurelet...
l.43 \maketitle
               
I expect to see \noalign only after the \cr of
an alignment. Proceed, and I'll ignore this case.


! Package array Error:  Illegal pream-token (1): `c' used.

See the array package documentation for explanation.
Type  H <return>  for immediate help.
 ...                                              
                                                  
l.51 ...l Reshape the U.S. Population Landscape"}}
                                                  \\
Try typing  <return>  to proceed.
If that doesn't work, type  X <return>  to quit.


Overfull \hbox (42.87863pt too wide) in paragraph at lines 67--77
[][]  
 []

(./publications.tex
Underfull \hbox (badness 1122) in paragraph at lines 12--12
[]\OT1/lmr/bx/n/10.95 Hauer, M.\OT1/lmr/m/n/10.95 , Holloway, S., & Oda, T. (20
20). \  Evacuees and Migrants Exhibit Different 
 []

[1

{c:/Users/Matt/AppData/Roaming/TinyTeX/texmf-var/fonts/map/pdftex/updmap/pdftex
.map}]
Underfull \hbox (badness 2689) in paragraph at lines 20--21
[]\OT1/lmr/bx/n/10.95 Hauer, M.\OT1/lmr/m/n/10.95 , Byars J*. (2019). \  IRS Co
unty-to-County Migration Data, 1990-2010." 
 []

[2]
Underfull \hbox (badness 1087) in paragraph at lines 62--62
[]\OT1/lmr/bx/n/10.95 Hauer M.\OT1/lmr/m/n/10.95 , Saunders, R.K., & Shtob, D. 
\  The Path of Least Resistance Projections of Social 
 []


Underfull \hbox (badness 10000) in paragraph at lines 105--105
[]|\OT1/lmr/bx/n/10.95 Hauer, M.\OT1/lmr/m/n/10.95 , and Hensley, E. A New Face
 of Georgia: An analysis of the state's population
 []


Underfull \hbox (badness 10000) in paragraph at lines 105--105
[]|\OT1/lmr/bx/n/10.95 Hauer, M.\OT1/lmr/m/n/10.95 , Byars, J., Wilson, G., & P
izarek, M. Transfer Student Report: Demonstrating
 []


Underfull \hbox (badness 10000) in paragraph at lines 105--105
\OT1/lmr/m/n/10.95 innovative ways to analyze student transfer data to answer p
olicy questions. \OT1/lmr/m/it/10.95 Board of
 []


Underfull \hbox (badness 10000) in paragraph at lines 105--105
[]|\OT1/lmr/bx/n/10.95 Hauer, M.\OT1/lmr/m/n/10.95 , Lynde, H., Byars, J., Wils
on, G., Coyne, J., & Tanner D. First Time Freshman
 []


Underfull \hbox (badness 10000) in paragraph at lines 105--105
\OT1/lmr/m/n/10.95 Report: USG market share and the Georgia high school to USG 
pipeline. \OT1/lmr/m/it/10.95 Board of
 []


Underfull \hbox (badness 10000) in paragraph at lines 105--105
[]|\OT1/lmr/bx/n/10.95 Hauer, M.\OT1/lmr/m/n/10.95 , Lynde, H., Byars, J., Wils
on, G., Coyne, J., & Tanner, D. Student progression
 []


Underfull \hbox (badness 10000) in paragraph at lines 105--105
\OT1/lmr/m/n/10.95 report: Enrollment patterns that lead to graduation. \OT1/lm
r/m/it/10.95 Board of Regents of the University
 []


Underfull \hbox (badness 10000) in paragraph at lines 105--105
[]|\OT1/lmr/bx/n/10.95 Hauer, M.\OT1/lmr/m/n/10.95 , Lynde, H., Byars, J. Wilso
n, G., Coyne, J., & Tanner, D. University System of
 []


Underfull \hbox (badness 10000) in paragraph at lines 105--105
[]|\OT1/lmr/m/n/10.95 Shannon, J. and \OT1/lmr/bx/n/10.95 Hauer, M. \OT1/lmr/m/
n/10.95 Projections of food insecurity in the metro Atlanta area. \OT1/lmr/m/it
/10.95 Atlanta
 []


Underfull \hbox (badness 10000) in paragraph at lines 105--105
[]|\OT1/lmr/m/n/10.95 Evans, J., \OT1/lmr/bx/n/10.95 Hauer, M.\OT1/lmr/m/n/10.9
5 , Hardy, D., & Pippin, S. Assessing social vulnerability using SoVI-Lite:
 []


Underfull \hbox (badness 10000) in paragraph at lines 105--105
[]|\OT1/lmr/m/n/10.95 Evans, J., Pippin, S., Hardy, D., & \OT1/lmr/bx/n/10.95 H
auer, M. \OT1/lmr/m/n/10.95 Social vulnerability and local hazard
 []


Underfull \hbox (badness 10000) in paragraph at lines 105--105
\OT1/lmr/m/n/10.95 mitigation planning: Application and evaluation of SoVI-Lite
 approach for Glynn County,
 []


Underfull \hbox (badness 10000) in paragraph at lines 105--105
[]|\OT1/lmr/bx/n/10.95 Hauer, M.\OT1/lmr/m/n/10.95 , A tale of two Georgias: Ru
ral and urban demographic changes in Georgia.
 []


Underfull \hbox (badness 10000) in paragraph at lines 105--105
[]|\OT1/lmr/bx/n/10.95 Hauer, M. \OT1/lmr/m/n/10.95 and Vaida, G. Disproportion
ate minority contact assessment. \OT1/lmr/m/it/10.95 Governor's Office of
 []


Underfull \hbox (badness 10000) in paragraph at lines 105--105
[]|\OT1/lmr/m/n/10.95 Tinsley, K. and \OT1/lmr/bx/n/10.95 Hauer, M. \OT1/lmr/m/
n/10.95 Atlama Community Transformation (ACT) district housing
 []


Underfull \hbox (badness 10000) in paragraph at lines 105--105
[]|\OT1/lmr/m/n/10.95 Clarke, W., Brown, W., & \OT1/lmr/bx/n/10.95 Hauer, M. \O
T1/lmr/m/n/10.95 The motor use fuel tax in Georgia: Collection
 []


Underfull \hbox (badness 10000) in paragraph at lines 105--105
[]|\OT1/lmr/m/n/10.95 Clarke, W., Brown, W., \OT1/lmr/bx/n/10.95 Hauer, M.\OT1/
lmr/m/n/10.95 , & Meyer, M. Metropolitan Atlanta Rapid Transit
 []


Underfull \hbox (badness 10000) in paragraph at lines 105--105
[]|\OT1/lmr/m/n/10.95 Simmons, M. and \OT1/lmr/bx/n/10.95 Hauer, M. \OT1/lmr/m/
n/10.95 An analysis and critique of Tallahassee and Leon County
 []


Underfull \hbox (badness 10000) in paragraph at lines 105--105
\OT1/lmr/m/n/10.95 transportation funding by residential project size. \OT1/lmr
/m/it/10.95 CNL Real Estate and Development
 []

[3]) (./grants.tex

New spreadtab: \begin{tabularx}{\linewidth }{llXr}
* reading tab: ok
* computing formulas:
     cell D1-D2-D3-D4-D5-D6-D7-D8-D9-D10
     cell A2
     cell D2
     cell A3
     cell D3
     cell A4
     cell D4
     cell A5
     cell D5
     cell A6
     cell D6
     cell A7
     cell D7
     cell D8
     cell A9
     cell D9
     cell D10
* building tab: ok

Underfull \hbox (badness 10000) in paragraph at lines 18--18
[]|\OT1/lmr/m/n/10.95 Impassable During High Water: Sea Level Rise, Commuting, 
and Climate
 []


Underfull \hbox (badness 10000) in paragraph at lines 18--18
[]|\OT1/lmr/m/n/10.95 Projecting the Sociodemographic Characteristics of those 
Impacted by Sea
 []


Underfull \hbox (badness 10000) in paragraph at lines 18--18
[]|\OT1/lmr/m/n/10.95 Forecast of the Timing, Locations, Sequence and Likeliest
 Destinations of
 []


Underfull \hbox (badness 10000) in paragraph at lines 18--18
[]|\OT1/lmr/m/n/10.95 Sustainability in Chesapeake Bay shorescapes: climate cha
nge, management
 []


Underfull \hbox (badness 10000) in paragraph at lines 18--18
[]|\OT1/lmr/m/n/10.95 Assessment and Application of the Social Vulnerability In
dex for Coastal
 []


Underfull \hbox (badness 10000) in paragraph at lines 18--18
\OT1/lmr/m/n/10.95 Hazards Planning in Glynn County, GA.-- #NA12NOS4190171, Geo
rgia
 []


Underfull \hbox (badness 10000) in paragraph at lines 18--18
\OT1/lmr/m/n/10.95 Department of Natural Resources from the Office of Ocean and
 Coastal
 []


Underfull \hbox (badness 10000) in paragraph at lines 18--18
[]|\OT1/lmr/m/n/10.95 Understanding social attitudes and prioritizing geo-spati
al risks for climate
 []


Underfull \hbox (badness 10000) in paragraph at lines 18--18
[]|\OT1/lmr/m/n/10.95 Projecting Hispanic Economic Outcomes in Georgia, 2000-20
30.-- Poverty
 []


Underfull \hbox (badness 10000) in paragraph at lines 18--18
[]|\OT1/lmr/m/n/10.95 The Production and Evaluation of Estimates of the Total P
opulation Using
 []

End of spreadtab: \end{tabularx}


New spreadtab: \begin{tabularx}{\linewidth }{llXr}
* reading tab: ok
* computing formulas:
! Missing number, treated as zero.
<to be read again> 
                   \code@4@14 
l.52 \end{spreadtab}
                    
A number should have been here; I inserted `0'.
(If you can't figure out why I needed to see a number,
look up `weird error' in the index to The TeXbook.)

! Missing number, treated as zero.
<to be read again> 
                   \code@4@15 
l.52 \end{spreadtab}
                    
A number should have been here; I inserted `0'.
(If you can't figure out why I needed to see a number,
look up `weird error' in the index to The TeXbook.)

! Missing number, treated as zero.
<to be read again> 
                   \code@4@16 
l.52 \end{spreadtab}
                    
A number should have been here; I inserted `0'.
(If you can't figure out why I needed to see a number,
look up `weird error' in the index to The TeXbook.)

! Missing number, treated as zero.
<to be read again> 
                   \code@4@17 
l.52 \end{spreadtab}
                    
A number should have been here; I inserted `0'.
(If you can't figure out why I needed to see a number,
look up `weird error' in the index to The TeXbook.)

! Missing number, treated as zero.
<to be read again> 
                   \code@4@18 
l.52 \end{spreadtab}
                    
A number should have been here; I inserted `0'.
(If you can't figure out why I needed to see a number,
look up `weird error' in the index to The TeXbook.)

! Missing number, treated as zero.
<to be read again> 
                   \code@4@19 
l.52 \end{spreadtab}
                    
A number should have been here; I inserted `0'.
(If you can't figure out why I needed to see a number,
look up `weird error' in the index to The TeXbook.)

! Missing number, treated as zero.
<to be read again> 
                   \code@4@20 
l.52 \end{spreadtab}
                    
A number should have been here; I inserted `0'.
(If you can't figure out why I needed to see a number,
look up `weird error' in the index to The TeXbook.)

! Missing number, treated as zero.
<to be read again> 
                   \code@4@21 
l.52 \end{spreadtab}
                    
A number should have been here; I inserted `0'.
(If you can't figure out why I needed to see a number,
look up `weird error' in the index to The TeXbook.)

! Missing number, treated as zero.
<to be read again> 
                   \code@4@22 
l.52 \end{spreadtab}
                    
A number should have been here; I inserted `0'.
(If you can't figure out why I needed to see a number,
look up `weird error' in the index to The TeXbook.)

! Missing number, treated as zero.
<to be read again> 
                   \code@4@23 
l.52 \end{spreadtab}
                    
A number should have been here; I inserted `0'.
(If you can't figure out why I needed to see a number,
look up `weird error' in the index to The TeXbook.)

! Missing number, treated as zero.
<to be read again> 
                   \code@4@24 
l.52 \end{spreadtab}
                    
A number should have been here; I inserted `0'.
(If you can't figure out why I needed to see a number,
look up `weird error' in the index to The TeXbook.)

     cell D1-D2-D3-D4-D5-D6-D7-D8-D9-D10-D11-D12-D13
     cell A2
     cell D2
     cell A3
     cell D3
     cell D4
     cell D5
     cell A6
     cell D6
     cell D7
     cell D8
     cell D9
     cell D10
     cell A11
     cell D11
     cell D12
     cell D13
* building tab: ok
! LaTeX Error: Something's wrong--perhaps a missing \item.

See the LaTeX manual or LaTeX Companion for explanation.
Type  H <return>  for immediate help.
 ...                                              
                                                  
l.52 \end{spreadtab}
                    
Try typing  <return>  to proceed.
If that doesn't work, type  X <return>  to quit.

! LaTeX Error: Something's wrong--perhaps a missing \item.

See the LaTeX manual or LaTeX Companion for explanation.
Type  H <return>  for immediate help.
 ...                                              
                                                  
l.52 \end{spreadtab}
                    
Try typing  <return>  to proceed.
If that doesn't work, type  X <return>  to quit.

! LaTeX Error: Something's wrong--perhaps a missing \item.

See the LaTeX manual or LaTeX Companion for explanation.
Type  H <return>  for immediate help.
 ...                                              
                                                  
l.52 \end{spreadtab}
                    
Try typing  <return>  to proceed.
If that doesn't work, type  X <return>  to quit.

! LaTeX Error: Something's wrong--perhaps a missing \item.

See the LaTeX manual or LaTeX Companion for explanation.
Type  H <return>  for immediate help.
 ...                                              
                                                  
l.52 \end{spreadtab}
                    
Try typing  <return>  to proceed.
If that doesn't work, type  X <return>  to quit.

! LaTeX Error: Something's wrong--perhaps a missing \item.

See the LaTeX manual or LaTeX Companion for explanation.
Type  H <return>  for immediate help.
 ...                                              
                                                  
l.52 \end{spreadtab}
                    
Try typing  <return>  to proceed.
If that doesn't work, type  X <return>  to quit.


Underfull \hbox (badness 10000) in paragraph at lines 52--52
[]|\OT1/lmr/m/n/10.95 Data Research, Analysis, and Modeling Project. Board of R
egents of the
 []


Underfull \hbox (badness 10000) in paragraph at lines 52--52
[]|\OT1/lmr/m/n/10.95 Population Projections for Coweta County and cities of Ne
wnan and Seqoia.
 []


Underfull \hbox (badness 10000) in paragraph at lines 52--52
[]|\OT1/lmr/m/n/10.95 Small Area Population Projections for the Bear Creek Rese
rvoir in South
 []


Underfull \hbox (badness 10000) in paragraph at lines 52--52
[]|\OT1/lmr/m/n/10.95 Food Insecurity in 2020 for the Atlanta Food Bank Service
 Area. Atlanta
 []


Underfull \hbox (badness 10000) in paragraph at lines 52--52
[]|\OT1/lmr/m/n/10.95 Population Projections for the State of Georgia, 2015-205
0. Georgia Governor's
 []


Underfull \hbox (badness 10000) in paragraph at lines 52--52
[]|\OT1/lmr/m/n/10.95 Enrollment Projections for the University System of Georg
ia 2014-2024. Board
 []


Underfull \hbox (badness 10000) in paragraph at lines 52--52
[]|\OT1/lmr/m/n/10.95 University System of Georgia Data Analysis Demonstration 
Project. Board of
 []

[4] End of spreadtab: \end{tabularx}

)
Underfull \vbox (badness 10000) detected at line 133
 []


Underfull \hbox (badness 1292) in paragraph at lines 138--139
[]\OT1/lmr/m/n/10.95 University of South Florida (Mar 2020), University of Penn
sylvania (Feb 2020), University of 
 []


Underfull \hbox (badness 10000) in paragraph at lines 161--161
[]|\OT1/lmr/m/it/10.95 Member\OT1/lmr/m/n/10.95 , University Search Committee, 
Carl Vinson Institute of Government's Training
 []

(./interviews.tex
Underfull \hbox (badness 2126) in paragraph at lines 4--5
[][][]$[]$[][]\OT1/lmr/m/n/10.95 , [][]$[]$[][], [][]$[]$[][], [][]$[]$[][], 
 []

[5]
Underfull \hbox (badness 2512) in paragraph at lines 8--61
[][][]$[]$[][]\OT1/lmr/m/n/10.95 , [][]$[]$[][], [][]$[]$[][], 
 []


Underfull \hbox (badness 7256) in paragraph at lines 8--61
[][]$[]$[][]\OT1/lmr/m/n/10.95 , [][]$[]$[][], [][]$[]$[][], [][]$[]$[][], [][]
$[]$[][], 
 []


Underfull \hbox (badness 1303) in paragraph at lines 8--61
[][]$[]$[][]\OT1/lmr/m/n/10.95 , [][]$[]$[][], [][]$[]$[][], [][]$[]$[][], [][]
$[]$[][], 
 []


Underfull \hbox (badness 10000) in paragraph at lines 62--69
[]\OT1/lmr/m/n/10.95 Radio [][]$[]$[][], [][]$[]$[][], [][]$[]$[][], 
 []


Underfull \hbox (badness 3271) in paragraph at lines 75--163
[][][]$[]$[][]\OT1/lmr/m/n/10.95 , [][]$[]$[][], [][]$[]$[][] 
 []


Underfull \hbox (badness 7344) in paragraph at lines 75--163
[][]$[]$[][] \OT1/lmr/m/n/10.95 (again), [][]$[]$[][] (again still), [][]$[]$[]
[], 
 []


Underfull \hbox (badness 3209) in paragraph at lines 75--163
[][]$[]$[][]\OT1/lmr/m/n/10.95 , [][]$[]$[][], [][]$[]$[][], [][]$[]$[][], [][]
$[]$[][], 
 []


Underfull \hbox (badness 4279) in paragraph at lines 75--163
[][]$[]$[][] \OT1/lmr/m/n/10.95 (again), [][]$[]$[][], [][]$[]$[][] (again), []
[]$[]$[][], [][]$[]$[][], 
 []


Underfull \hbox (badness 2990) in paragraph at lines 75--163
[][]$[]$[][]\OT1/lmr/m/n/10.95 , [][]$[]$[][], [][]$[]$[][], [][]$[]$[][] (agai
n), [][]$[]$[][], 
 []


Underfull \hbox (badness 1112) in paragraph at lines 75--163
[][]$[]$[][]\OT1/lmr/m/n/10.95 , [][]$[]$[][], [][]$[]$[][], [][]$[]$[][], [][]
$[]$[][], 
 []


Underfull \hbox (badness 2707) in paragraph at lines 176--177
[][][]$[]$[][]\OT1/lmr/m/n/10.95 , [][]$[]$[][], [][]$[]$[][], 
 []

[6]
! Undefined control sequence.
\enit@endenumerate ->\enit@after 
                                 \endlist \ifx \enit@series \relax \else \if...
l.186 \end{enumerate}
                     
The control sequence at the end of the top line
of your error message was never \def'ed. If you have
misspelled it (e.g., `\hobx'), type `I' and the correct
spelling (e.g., `I\hbox'). Otherwise just continue,
and I'll forget about whatever was undefined.

! Undefined control sequence.
\enit@endenumerate ...\else \ifnum \enit@resuming 
                                                  =\@ne \enit@setresumekeys ...
l.186 \end{enumerate}
                     
The control sequence at the end of the top line
of your error message was never \def'ed. If you have
misspelled it (e.g., `\hobx'), type `I' and the correct
spelling (e.g., `I\hbox'). Otherwise just continue,
and I'll forget about whatever was undefined.

! Missing number, treated as zero.
<to be read again> 
                   =
l.186 \end{enumerate}
                     
A number should have been here; I inserted `0'.
(If you can't figure out why I needed to see a number,
look up `weird error' in the index to The TeXbook.)

! Undefined control sequence.
\enit@setresumekeys ...xpandafter {\enit@savekeys 
                                                  }\xdef \enit@afterlist {#2...
l.186 \end{enumerate}
                     
The control sequence at the end of the top line
of your error message was never \def'ed. If you have
misspelled it (e.g., `\hobx'), type `I' and the correct
spelling (e.g., `I\hbox'). Otherwise just continue,
and I'll forget about whatever was undefined.

! Undefined control sequence.
\enit@setresumekeys ...it@toks }\ifnum \enit@type 
                                                  =\z@ #3\def \enit@noexcs {...
l.186 \end{enumerate}
                     
The control sequence at the end of the top line
of your error message was never \def'ed. If you have
misspelled it (e.g., `\hobx'), type `I' and the correct
spelling (e.g., `I\hbox'). Otherwise just continue,
and I'll forget about whatever was undefined.

! Missing number, treated as zero.
<to be read again> 
                   =
l.186 \end{enumerate}
                     
A number should have been here; I inserted `0'.
(If you can't figure out why I needed to see a number,
look up `weird error' in the index to The TeXbook.)

! Undefined control sequence.
<argument> enit@resume@series@\enit@series 
                                           
l.186 \end{enumerate}
                     
The control sequence at the end of the top line
of your error message was never \def'ed. If you have
misspelled it (e.g., `\hobx'), type `I' and the correct
spelling (e.g., `I\hbox'). Otherwise just continue,
and I'll forget about whatever was undefined.

! Undefined control sequence.
\enit@endenumerate ...t \fi \ifnum \enit@resuming 
                                                  =\thr@@ \enit@setresumekey...
l.186 \end{enumerate}
                     
The control sequence at the end of the top line
of your error message was never \def'ed. If you have
misspelled it (e.g., `\hobx'), type `I' and the correct
spelling (e.g., `I\hbox'). Otherwise just continue,
and I'll forget about whatever was undefined.

! Missing number, treated as zero.
<to be read again> 
                   =
l.186 \end{enumerate}
                     
A number should have been here; I inserted `0'.
(If you can't figure out why I needed to see a number,
look up `weird error' in the index to The TeXbook.)

! Undefined control sequence.
\enit@setresumekeys ...xpandafter {\enit@savekeys 
                                                  }\xdef \enit@afterlist {#2...
l.186 \end{enumerate}
                     
The control sequence at the end of the top line
of your error message was never \def'ed. If you have
misspelled it (e.g., `\hobx'), type `I' and the correct
spelling (e.g., `I\hbox'). Otherwise just continue,
and I'll forget about whatever was undefined.

! Undefined control sequence.
\enit@setresumekeys ...it@toks }\ifnum \enit@type 
                                                  =\z@ #3\def \enit@noexcs {...
l.186 \end{enumerate}
                     
The control sequence at the end of the top line
of your error message was never \def'ed. If you have
misspelled it (e.g., `\hobx'), type `I' and the correct
spelling (e.g., `I\hbox'). Otherwise just continue,
and I'll forget about whatever was undefined.

! Missing number, treated as zero.
<to be read again> 
                   =
l.186 \end{enumerate}
                     
A number should have been here; I inserted `0'.
(If you can't figure out why I needed to see a number,
look up `weird error' in the index to The TeXbook.)

)
Package atveryend Info: Empty hook `BeforeClearDocument' on input line 211.
 [7]
Package atveryend Info: Empty hook `AfterLastShipout' on input line 211.
 (./Hauer_CV.aux)
Package atveryend Info: Executing hook `AtVeryEndDocument' on input line 211.
Package atveryend Info: Executing hook `AtEndAfterFileList' on input line 211.
Package rerunfilecheck Info: File `Hauer_CV.out' has not changed.
(rerunfilecheck)             Checksum: 719357FA3CFF9891A1633553F5062EC8;799.


LaTeX Warning: There were undefined references.


Package biblatex Warning: Please (re)run Biber on the file:
(biblatex)                Hauer_CV
(biblatex)                and rerun LaTeX afterwards.

Package logreq Info: Writing requests to 'Hauer_CV.run.xml'.
\openout1 = `Hauer_CV.run.xml'.

 ) 
Here is how much of TeX's memory you used:
 27247 strings out of 494553
 482078 string characters out of 6176038
 991793 words of memory out of 5000000
 30606 multiletter control sequences out of 15000+600000
 587089 words of font info for 52 fonts, out of 8000000 for 9000
 14 hyphenation exceptions out of 8191
 48i,12n,69p,1580b,1571s stack positions out of 5000i,500n,10000p,200000b,80000s
{c:/Users/Matt/AppData/Roaming/TinyTeX/texmf-dist/fonts/enc/dvips/lm/lm-rm.en
c}<c:/Users/Matt/AppData/Roaming/TinyTeX/texmf-dist/fonts/type1/public/lm/lmbx1
0.pfb><c:/Users/Matt/AppData/Roaming/TinyTeX/texmf-dist/fonts/type1/public/lm/l
mbx12.pfb><c:/Users/Matt/AppData/Roaming/TinyTeX/texmf-dist/fonts/type1/public/
lm/lmbx9.pfb><c:/Users/Matt/AppData/Roaming/TinyTeX/texmf-dist/fonts/type1/publ
ic/lm/lmr10.pfb><c:/Users/Matt/AppData/Roaming/TinyTeX/texmf-dist/fonts/type1/p
ublic/lm/lmr9.pfb><c:/Users/Matt/AppData/Roaming/TinyTeX/texmf-dist/fonts/type1
/public/lm/lmri10.pfb><c:/Users/Matt/AppData/Roaming/TinyTeX/texmf-dist/fonts/t
ype1/public/lm/lmri8.pfb><c:/Users/Matt/AppData/Roaming/TinyTeX/texmf-dist/font
s/type1/public/lm/lmri9.pfb>
Output written on Hauer_CV.pdf (7 pages, 236867 bytes).
PDF statistics:
 387 PDF objects out of 1000 (max. 8388607)
 366 compressed objects within 4 object streams
 28 named destinations out of 1000 (max. 500000)
 121 words of extra memory for PDF output out of 10000 (max. 10000000)

